js?key=AIzaSyBn9W7K04WtxdwqzxP1zu8NRnjvCQ4Rtd4:266 Google Maps JavaScript API has been loaded directly without loading=async. This can result in suboptimal performance. For best-practice loading patterns please see https://goo.gle/js-api-loading
Ufa @ js?key=AIzaSyBn9W7K04WtxdwqzxP1zu8NRnjvCQ4Rtd4:266
swimmingnature.ae/:517 Allow attribute will take precedence over 'allowfullscreen'.
connect.facebook.net/en_US/fbevents.js:1 
        
        
       Failed to load resource: net::ERR_BLOCKED_BY_CLIENT
Chrome is moving towards a new experience that lets people make an informed choice with respect to third-party cookies.
Chrome is moving towards a new experience that lets people make an informed choice with respect to third-party cookies.
Chrome is moving towards a new experience that lets people make an informed choice with respect to third-party cookies.
Chrome is moving towards a new experience that lets people make an informed choice with respect to third-party cookies.
Chrome is moving towards a new experience that lets people make an informed choice with respect to third-party cookies.
Chrome is moving towards a new experience that lets people make an informed choice with respect to third-party cookies.
Chrome is moving towards a new experience that lets people make an informed choice with respect to third-party cookies.
Chrome is moving towards a new experience that lets people make an informed choice with respect to third-party cookies.
Chrome is moving towards a new experience that lets people make an informed choice with respect to third-party cookies.
Chrome is moving towards a new experience that lets people make an informed choice with respect to third-party cookies.
Chrome is moving towards a new experience that lets people make an informed choice with respect to third-party cookies.
Chrome is moving towards a new experience that lets people make an informed choice with respect to third-party cookies.
Chrome is moving towards a new experience that lets people make an informed choice with respect to third-party cookies.
Chrome is moving towards a new experience that lets people make an informed choice with respect to third-party cookies.
Chrome is moving towards a new experience that lets people make an informed choice with respect to third-party cookies.
Chrome is moving towards a new experience that lets people make an informed choice with respect to third-party cookies.
Chrome is moving towards a new experience that lets people make an informed choice with respect to third-party cookies.
Chrome is moving towards a new experience that lets people make an informed choice with respect to third-party cookies.
Chrome is moving towards a new experience that lets people make an informed choice with respect to third-party cookies.
Chrome is moving towards a new experience that lets people make an informed choice with respect to third-party cookies.
Chrome is moving towards a new experience that lets people make an informed choice with respect to third-party cookies.
Chrome is moving towards a new experience that lets people make an informed choice with respect to third-party cookies.
Chrome is moving towards a new experience that lets people make an informed choice with respect to third-party cookies.
Chrome is moving towards a new experience that lets people make an informed choice with respect to third-party cookies.
Chrome is moving towards a new experience that lets people make an informed choice with respect to third-party cookies.
Chrome is moving towards a new experience that lets people make an informed choice with respect to third-party cookies.
Chrome is moving towards a new experience that lets people make an informed choice with respect to third-party cookies.
Chrome is moving towards a new experience that lets people make an informed choice with respect to third-party cookies.
Chrome is moving towards a new experience that lets people make an informed choice with respect to third-party cookies.
Chrome is moving towards a new experience that lets people make an informed choice with respect to third-party cookies.
Chrome is moving towards a new experience that lets people make an informed choice with respect to third-party cookies.
Chrome is moving towards a new experience that lets people make an informed choice with respect to third-party cookies.
Chrome is moving towards a new experience that lets people make an informed choice with respect to third-party cookies.
Chrome is moving towards a new experience that lets people make an informed choice with respect to third-party cookies.
Chrome is moving towards a new experience that lets people make an informed choice with respect to third-party cookies.
Chrome is moving towards a new experience that lets people make an informed choice with respect to third-party cookies.
Chrome is moving towards a new experience that lets people make an informed choice with respect to third-party cookies.
Chrome is moving towards a new experience that lets people make an informed choice with respect to third-party cookies.
Chrome is moving towards a new experience that lets people make an informed choice with respect to third-party cookies.
Chrome is moving towards a new experience that lets people make an informed choice with respect to third-party cookies.
Chrome is moving towards a new experience that lets people make an informed choice with respect to third-party cookies.
Chrome is moving towards a new experience that lets people make an informed choice with respect to third-party cookies.
Chrome is moving towards a new experience that lets people make an informed choice with respect to third-party cookies.
Chrome is moving towards a new experience that lets people make an informed choice with respect to third-party cookies.
Chrome is moving towards a new experience that lets people make an informed choice with respect to third-party cookies.
Chrome is moving towards a new experience that lets people make an informed choice with respect to third-party cookies.
Chrome is moving towards a new experience that lets people make an informed choice with respect to third-party cookies.
Chrome is moving towards a new experience that lets people make an informed choice with respect to third-party cookies.
Chrome is moving towards a new experience that lets people make an informed choice with respect to third-party cookies.
Chrome is moving towards a new experience that lets people make an informed choice with respect to third-party cookies.
Chrome is moving towards a new experience that lets people make an informed choice with respect to third-party cookies.
Chrome is moving towards a new experience that lets people make an informed choice with respect to third-party cookies.
